INFO:root:Host
INFO:root:Hello from client. Send my ID
INFO:root:Hello from client. Send my ID
INFO:root:Host
INFO:root:Hello from client. Send my ID
INFO:root:I am a server
INFO:root:Host
INFO:root:You are the Host$0
INFO:root:Hello from client. Send my ID
INFO:root:You are$1
INFO:root:I am a server
INFO:root:Host
INFO:root:You are the Host$0
INFO:root:Hello from client. Send my ID
INFO:root:You are$1
INFO:root:I am a server
INFO:root:Host
INFO:root:You are the Host$0
INFO:root:Hello from client. Send my ID
INFO:root:You are$1
INFO:root:I am a server
INFO:root:Host
INFO:root:You are the Host$0
INFO:root:Hello from client. Send my ID
INFO:root:You are$1
INFO:root:I am a server
INFO:root:Host
INFO:root:You are the Host$0
INFO:root:Hello from client. Send my ID
INFO:root:You are$1
INFO:root:I am a server
INFO:root:Host
INFO:root:You are the Host$0
INFO:root:I am a server
INFO:root:Host
INFO:root:You are the Host$0
INFO:root:Hello from client. Send my ID
INFO:root:You are$1
INFO:root:Hello from client. Send my ID
INFO:root:You are$2
INFO:root:I am a server
INFO:root:Host
INFO:root:You are the Host$0
INFO:root:Hello from client. Send my ID
INFO:root:You are$1
INFO:root:Hello from client. Send my ID
INFO:root:You are$2
INFO:root:1 says: 1: sup$
INFO:root:2 says: 2: yur$
INFO:root:0 says: 0: hi$
INFO:root:I am a server
INFO:root:Host
INFO:root:You are the Host$0
INFO:root:Hello from client. Send my ID
INFO:root:You are$1
INFO:root:Hello from client. Send my ID
INFO:root:You are$2
INFO:root:0 says: 0: fuck$
INFO:root:0 says: 0: fuuuuuuuuug$
INFO:root:1 says: 1: bruh$
INFO:root:2 says: 2: mmmmm$
INFO:root:I am a server
INFO:root:Host
INFO:root:You are the Host$0
INFO:root:Hello from client. Send my ID
INFO:root:You are$1
INFO:root:Hello from client. Send my ID
INFO:root:You are$2
INFO:root:0 says: 0: Bruh$
INFO:root:0 says: 0: h$
INFO:root:0 says: 0: h$
INFO:root:0 says: 0: h$
INFO:root:0 says: 0: h$
INFO:root:0 says: 0: h$
INFO:root:0 says: 0: h$
INFO:root:1 says: 1: yes$
INFO:root:2 says: 2: hi$
INFO:root:I am a server
INFO:root:Host
INFO:root:You are the Host$0
